249.82003514 -7 72.2222
784.24495968 -7 72.2222
123.32892874 -7 72.2222
499.63997028 -7 72.2222
752.62218308 -7 72.2222
879.11328948 -7 72.2222
626.13107668 -7 72.2222
376.31114154 -7 72.2222
562.88552348 -7 72.2222
313.06558834 -7 72.2222
60.08337554 -7 72.2222
186.57448194 -7 72.2222
28.46059894 -7 72.2222
942.35884268 -7 72.2222
689.37662988 -7 72.2222
439.55669474 -7 72.2222
531.26274688 -7 72.2222
154.95170534 -7 72.2222
407.93391814 -7 72.2222
281.44281174 -7 72.2222
657.75385328 -7 72.2222
499.63997028 -1 77.037
123.32892874 -1 77.037
249.82003514 -1 77.037
752.62218308 -1 77.037
376.31114154 -1 77.037
626.13107668 -1 77.037
815.86773628 -7 72.2222
879.11328948 -1 77.037
562.88552348 -1 77.037
313.06558834 -1 77.037
60.08337554 -1 77.037
815.86773628 -1 77.037
186.57448194 -1 77.037
689.37662988 -1 77.037
28.46059894 -1 77.037
439.55669474 -1 77.037
531.26274688 -1 77.037
784.24495968 -1 77.037
942.35884268 -1 77.037
154.95170534 -1 77.037
657.75385328 -1 77.037
281.44281174 -1 77.037
407.93391814 -1 77.037
91.70615214 -1 77.037
910.73606608 -1 77.037
594.50830008 -1 77.037
344.68836494 -1 77.037
847.49051288 -1 77.037
218.19725854 -1 77.037
720.99940648 -1 77.037
471.17947134 -1 77.037
12.64921064 -1 77.037
973.98161928 -1 77.037
515.45135858 -1 77.037
265.63142344 -1 77.037
910.73606608 -7 72.2222
768.43357138 -1 77.037
139.14031704 -1 77.037
641.94246498 -1 77.037
392.12252984 -1 77.037
12.64921064 -7 76.2963
894.92467778 -1 77.037
75.89476384 -1 77.037
578.69691178 -1 77.037
328.87697664 -1 77.037
831.67912458 -1 77.037
202.38587024 -1 77.037
471.17947134 -7 72.2222
91.70615214 -7 72.2222
705.18801818 -1 77.037
218.19725854 -7 72.2222
455.36808304 -1 77.037
958.17023098 -1 77.037
594.50830008 -7 72.2222
44.27198724 -1 77.037
847.49051288 -7 72.2222
720.99940648 -7 72.2222
344.68836494 -7 72.2222
973.98161928 -7 72.2222
547.07413518 -1 77.037
297.25420004 -1 77.037
800.05634798 -1 77.037
170.76309364 -1 77.037
265.63142344 -7 72.2222
515.45135858 -7 72.2222
673.56524158 -1 77.037
831.67912458 -7 72.2222
139.14031704 -7 72.2222
768.43357138 -7 72.2222
926.54745438 -1 77.037
392.12252984 -7 72.2222
423.74530644 -1 77.037
455.36808304 -7 72.2222
894.92467778 -7 72.2222
641.94246498 -7 72.2222
578.69691178 -7 72.2222
107.51754044 -1 77.037
75.89476384 -7 72.2222
360.49975324 -1 77.037
610.31968838 -1 77.037
328.87697664 -7 72.2222
863.30190118 -1 77.037
736.81079478 -1 77.037
234.00864684 -1 77.037
202.38587024 -7 72.2222
486.99085964 -1 77.037
989.79300758 -1 77.037
6.32465532 -7 83.7037
705.18801818 -7 72.2222
6.32465532 -1 77.037
44.27198724 -7 72.2222
958.17023098 -7 72.2222
547.07413518 -7 72.2222
297.25420004 -7 72.2222
800.05634798 -7 72.2222
170.76309364 -7 72.2222
610.31968838 -7 72.2222
673.56524158 -7 72.2222
234.00864684 -7 72.2222
423.74530644 -7 72.2222
926.54745438 -7 72.2222
107.51754044 -7 72.2222
360.49975324 -7 72.2222
863.30190118 -7 72.2222
736.81079478 -7 72.2222
486.99085964 -7 72.2222
989.79300758 -7 72.2222
28.46059894 -13 77.7778
281.44281174 -13 66.2963
313.06558834 -13 67.7778
