5 -7 98.6111
-1 -7 98.6111
5 -1 98.6111
-1 -1 98.6111
11 -7 98.6111
11 -1 98.6111
5 -13 98.6111
-1 -13 98.6111
11 -13 98.6111
-3 -7 98.6111
-3 -1 98.6111
-3 -13 98.6111
5 1 98.6111
-1 1 98.6111
11 1 98.6111
-3 1 98.6111
9 -7 98.6111
9 -1 98.6111
9 -13 98.6111
9 1 98.6111
5 -11 98.6111
-1 -11 98.6111
11 -11 98.6111
-3 -11 98.6111
9 -11 98.6111
3 -7 98.6111
3 -1 98.6111
3 -13 98.6111
3 1 98.6111
3 -11 98.6111
5 -5 98.6111
-1 -5 98.6111
11 -5 98.6111
-3 -5 98.6111
9 -5 98.6111
3 -5 98.6111
15 -7 98.6111
15 -1 98.6111
15 -13 98.6111
15 1 98.6111
15 -11 98.6111
15 -5 98.6111
5 -15 98.6111
-1 -15 98.6111
11 -15 98.6111
-3 -15 98.6111
9 -15 98.6111
3 -15 98.6111
15 -15 98.6111
-5 -7 98.6111
-5 -1 98.6111
-5 -13 98.6111
-5 1 98.6111
-5 -11 98.6111
-5 -5 98.6111
-5 -15 98.6111
5 3 98.6111
-1 3 98.6111
11 3 98.6111
-3 3 98.6111
9 3 98.6111
3 3 98.6111
15 3 98.6111
-5 3 98.6111
7 -7 98.6111
7 -1 98.6111
7 -13 98.6111
7 1 98.6111
7 -11 98.6111
7 -5 98.6111
7 -15 98.6111
7 3 98.6111
5 -9 98.6111
-1 -9 98.6111
11 -9 98.6111
-3 -9 98.6111
9 -9 98.6111
3 -9 98.6111
15 -9 98.6111
-5 -9 98.6111
7 -9 98.6111
1 -7 98.6111
1 -1 98.6111
1 -13 98.6111
1 1 98.6111
1 -11 98.6111
1 -5 98.6111
1 -15 98.6111
1 3 98.6111
1 -9 98.6111
5 -3 98.6111
-1 -3 98.6111
11 -3 98.6111
-3 -3 98.6111
9 -3 98.6111
3 -3 98.6111
15 -3 98.6111
-5 -3 98.6111
7 -3 98.6111
1 -3 98.6111
13 -7 98.6111
13 -1 98.6111
13 -13 98.6111
13 1 98.6111
13 -11 98.6111
13 -5 98.6111
13 -15 98.6111
13 3 98.6111
13 -9 98.6111
13 -3 98.6111
