5 -7 71.0526
-1 -7 71.0526
5 -1 71.0526
-1 -1 71.0526
11 -7 71.0526
11 -1 71.0526
5 -13 89.4737
-1 -13 71.0526
11 -13 89.4737
-3 -7 71.0526
-3 -1 71.0526
-3 -13 71.0526
5 1 71.0526
-1 1 71.0526
11 1 71.0526
-3 1 71.0526
9 -7 71.0526
9 -1 71.0526
9 -13 89.4737
9 1 71.0526
5 -11 71.0526
-1 -11 71.0526
11 -11 71.0526
-3 -11 71.0526
9 -11 71.0526
3 -7 71.0526
3 -1 71.0526
3 -13 89.4737
3 1 71.0526
3 -11 71.0526
5 -5 71.0526
-1 -5 71.0526
11 -5 71.0526
-3 -5 71.0526
9 -5 71.0526
3 -5 71.0526
15 -7 71.0526
15 -1 71.0526
15 -13 89.4737
15 1 71.0526
15 -11 71.0526
15 -5 71.0526
5 -15 92.1053
-1 -15 71.0526
11 -15 92.1053
-3 -15 71.0526
9 -15 92.1053
3 -15 92.1053
15 -15 92.1053
-5 -7 71.0526
-5 -1 71.0526
-5 -13 71.0526
-5 1 71.0526
-5 -11 71.0526
-5 -5 71.0526
-5 -15 71.0526
5 3 71.0526
-1 3 71.0526
11 3 71.0526
-3 3 71.0526
9 3 71.0526
3 3 71.0526
15 3 71.0526
-5 3 71.0526
7 -7 71.0526
7 -1 71.0526
7 -13 89.4737
7 1 71.0526
7 -11 71.0526
7 -5 71.0526
7 -15 92.1053
7 3 71.0526
5 -9 71.0526
-1 -9 71.0526
11 -9 71.0526
-3 -9 71.0526
9 -9 71.0526
3 -9 71.0526
15 -9 71.0526
-5 -9 71.0526
7 -9 71.0526
1 -7 71.0526
1 -1 71.0526
1 -13 89.4737
1 1 71.0526
1 -11 71.0526
1 -5 71.0526
1 -15 84.2105
1 3 71.0526
1 -9 71.0526
5 -3 71.0526
-1 -3 71.0526
11 -3 71.0526
-3 -3 71.0526
9 -3 71.0526
3 -3 71.0526
15 -3 71.0526
-5 -3 71.0526
7 -3 71.0526
1 -3 71.0526
13 -7 71.0526
13 -1 71.0526
13 -13 89.4737
13 1 71.0526
13 -11 71.0526
13 -5 71.0526
13 -15 92.1053
13 3 71.0526
13 -9 71.0526
13 -3 71.0526
